<?xml version="1.0" encoding="UTF-8"?>
<testsuite name="com.montani.exam.helper.ISBNValidatorTest" tests="1" skipped="0" failures="0" errors="0" timestamp="2022-10-31T12:51:22" hostname="192.168.0.100" time="0.011">
  <properties/>
  <testcase name="testValidateISBN10" classname="com.montani.exam.helper.ISBNValidatorTest" time="0.011"/>
  <system-out><![CDATA[]]></system-out>
  <system-err><![CDATA[]]></system-err>
</testsuite>
